0
before
['0', '0', '3', '0', '2', '0', '6', '0', '0']
['9', '0', '0', '3', '0', '5', '0', '0', '1']
['0', '0', '1', '8', '0', '6', '4', '0', '0']
['0', '0', '8', '1', '0', '2', '9', '0', '0']
['7', '0', '0', '0', '0', '0', '0', '0', '8']
['0', '0', '6', '7', '0', '8', '2', '0', '0']
['0', '0', '2', '6', '0', '9', '5', '0', '0']
['8', '0', '0', '2', '0', '3', '0', '0', '9']
['0', '0', '5', '0', '1', '0', '3', '0', '0']
49
{(0, 0): ['4', '5'],
 (0, 1): ['1', '4', '5', '7', '8', '9'],
 (0, 3): ['4', '9'],
 (0, 5): ['1', '4', '7'],
 (0, 7): ['1', '4', '5', '7', '8', '9'],
 (0, 8): ['4', '5', '7'],
 (1, 1): ['2', '4', '6', '7', '8'],
 (1, 2): ['4', '7'],
 (1, 4): ['4', '6', '7', '8'],
 (1, 6): ['7', '8'],
 (1, 7): ['2', '4', '6', '7', '8'],
 (2, 0): ['2', '3', '5'],
 (2, 1): ['2', '3', '5', '7', '9'],
 (2, 4): ['3', '5', '7', '9'],
 (2, 7): ['2', '3', '5', '7', '9'],
 (2, 8): ['2', '3', '5', '7'],
 (3, 0): ['3', '4', '5'],
 (3, 1): ['3', '4', '5', '6', '7'],
 (3, 4): ['3', '4', '5', '6', '7'],
 (3, 7): ['3', '4', '5', '6', '7'],
 (3, 8): ['3', '4', '5', '6', '7'],
 (4, 1): ['1', '2', '3', '4', '5', '6', '9'],
 (4, 2): ['4', '9'],
 (4, 3): ['4', '5', '9'],
 (4, 4): ['3', '4', '5', '6', '9'],
 (4, 5): ['1', '4'],
 (4, 6): ['1'],
 (4, 7): ['1', '2', '3', '4', '5', '6', '9'],
 (5, 0): ['1', '3', '4', '5'],
 (5, 1): ['1', '3', '4', '5', '9'],
 (5, 4): ['3', '4', '5', '9'],
 (5, 7): ['1', '3', '4', '5', '9'],
 (5, 8): ['3', '4', '5'],
 (6, 0): ['1', '3', '4'],
 (6, 1): ['1', '3', '4', '7', '8'],
 (6, 4): ['3', '4', '7', '8'],
 (6, 7): ['1', '3', '4', '7', '8'],
 (6, 8): ['3', '4', '7'],
 (7, 1): ['1', '4', '5', '6', '7'],
 (7, 2): ['4', '7'],
 (7, 4): ['4', '5', '6', '7'],
 (7, 6): ['1', '7'],
 (7, 7): ['1', '4', '5', '6', '7'],
 (8, 0): ['2', '4', '6'],
 (8, 1): ['2', '4', '6', '7', '8', '9'],
 (8, 3): ['4', '9'],
 (8, 5): ['4', '7'],
 (8, 7): ['2', '4', '6', '7', '8', '9'],
 (8, 8): ['2', '4', '6', '7']}
VAL
{(0, 0): ['4', '5'],
 (0, 1): ['1', '4', '5', '7', '8', '9'],
 (0, 3): ['4', '9'],
 (0, 5): ['1', '4', '7'],
 (0, 7): ['1', '4', '5', '7', '8', '9'],
 (0, 8): ['4', '5', '7'],
 (1, 1): ['2', '4', '6', '7', '8'],
 (1, 2): ['4', '7'],
 (1, 4): ['4', '6', '7', '8'],
 (1, 6): ['7', '8'],
 (1, 7): ['2', '4', '6', '7', '8'],
 (2, 0): ['2', '3', '5'],
 (2, 1): ['2', '3', '5', '7', '9'],
 (2, 4): ['3', '5', '7', '9'],
 (2, 7): ['2', '3', '5', '7', '9'],
 (2, 8): ['2', '3', '5', '7'],
 (3, 0): ['3', '4', '5'],
 (3, 1): ['3', '4', '5', '6', '7'],
 (3, 4): ['3', '4', '5', '6', '7'],
 (3, 7): ['3', '4', '5', '6', '7'],
 (3, 8): ['3', '4', '5', '6', '7'],
 (4, 1): ['1', '2', '3', '4', '5', '6', '9'],
 (4, 2): ['4', '9'],
 (4, 3): ['4', '5', '9'],
 (4, 4): ['3', '4', '5', '6', '9'],
 (4, 5): ['1', '4'],
 (4, 6): ['1'],
 (4, 7): ['1', '2', '3', '4', '5', '6', '9'],
 (5, 0): ['1', '3', '4', '5'],
 (5, 1): ['1', '3', '4', '5', '9'],
 (5, 4): ['3', '4', '5', '9'],
 (5, 7): ['1', '3', '4', '5', '9'],
 (5, 8): ['3', '4', '5'],
 (6, 0): ['1', '3', '4'],
 (6, 1): ['1', '3', '4', '7', '8'],
 (6, 4): ['3', '4', '7', '8'],
 (6, 7): ['1', '3', '4', '7', '8'],
 (6, 8): ['3', '4', '7'],
 (7, 1): ['1', '4', '5', '6', '7'],
 (7, 2): ['4', '7'],
 (7, 4): ['4', '5', '6', '7'],
 (7, 6): ['1', '7'],
 (7, 7): ['1', '4', '5', '6', '7'],
 (8, 0): ['2', '4', '6'],
 (8, 1): ['2', '4', '6', '7', '8', '9'],
 (8, 3): ['4', '9'],
 (8, 5): ['4', '7'],
 (8, 7): ['2', '4', '6', '7', '8', '9'],
 (8, 8): ['2', '4', '6', '7']}
(4, 6)
checking to delete n: 1
deleting: ['1']
removing 1 from coord: (4, 1) with vals ['1', '2', '3', '4', '5', '6', '9']
removing 1 from coord: (4, 5) with vals ['1', '4']
removing 1 from coord: (4, 7) with vals ['1', '2', '3', '4', '5', '6', '9']
removing 1 from coord: (7, 6) with vals ['1', '7']
VAL
{(0, 0): ['4', '5'],
 (0, 1): ['1', '4', '5', '7', '8', '9'],
 (0, 3): ['4', '9'],
 (0, 5): ['1', '4', '7'],
 (0, 7): ['1', '4', '5', '7', '8', '9'],
 (0, 8): ['4', '5', '7'],
 (1, 1): ['2', '4', '6', '7', '8'],
 (1, 2): ['4', '7'],
 (1, 4): ['4', '6', '7', '8'],
 (1, 6): ['7', '8'],
 (1, 7): ['2', '4', '6', '7', '8'],
 (2, 0): ['2', '3', '5'],
 (2, 1): ['2', '3', '5', '7', '9'],
 (2, 4): ['3', '5', '7', '9'],
 (2, 7): ['2', '3', '5', '7', '9'],
 (2, 8): ['2', '3', '5', '7'],
 (3, 0): ['3', '4', '5'],
 (3, 1): ['3', '4', '5', '6', '7'],
 (3, 4): ['3', '4', '5', '6', '7'],
 (3, 7): ['3', '4', '5', '6', '7'],
 (3, 8): ['3', '4', '5', '6', '7'],
 (4, 1): ['2', '3', '4', '5', '6', '9'],
 (4, 2): ['4', '9'],
 (4, 3): ['4', '5', '9'],
 (4, 4): ['3', '4', '5', '6', '9'],
 (4, 5): ['4'],
 (4, 7): ['2', '3', '4', '5', '6', '9'],
 (5, 0): ['1', '3', '4', '5'],
 (5, 1): ['1', '3', '4', '5', '9'],
 (5, 4): ['3', '4', '5', '9'],
 (5, 7): ['1', '3', '4', '5', '9'],
 (5, 8): ['3', '4', '5'],
 (6, 0): ['1', '3', '4'],
 (6, 1): ['1', '3', '4', '7', '8'],
 (6, 4): ['3', '4', '7', '8'],
 (6, 7): ['1', '3', '4', '7', '8'],
 (6, 8): ['3', '4', '7'],
 (7, 1): ['1', '4', '5', '6', '7'],
 (7, 2): ['4', '7'],
 (7, 4): ['4', '5', '6', '7'],
 (7, 6): ['7'],
 (7, 7): ['1', '4', '5', '6', '7'],
 (8, 0): ['2', '4', '6'],
 (8, 1): ['2', '4', '6', '7', '8', '9'],
 (8, 3): ['4', '9'],
 (8, 5): ['4', '7'],
 (8, 7): ['2', '4', '6', '7', '8', '9'],
 (8, 8): ['2', '4', '6', '7']}
(4, 5)
checking to delete n: 4
deleting: ['4']
removing 4 from coord: (0, 5) with vals ['1', '4', '7']
removing 4 from coord: (4, 1) with vals ['2', '3', '4', '5', '6', '9']
removing 4 from coord: (4, 2) with vals ['4', '9']
removing 4 from coord: (4, 3) with vals ['4', '5', '9']
removing 4 from coord: (4, 4) with vals ['3', '4', '5', '6', '9']
removing 4 from coord: (4, 7) with vals ['2', '3', '4', '5', '6', '9']
removing 4 from coord: (8, 5) with vals ['4', '7']
VAL
{(0, 0): ['4', '5'],
 (0, 1): ['1', '4', '5', '7', '8', '9'],
 (0, 3): ['4', '9'],
 (0, 5): ['1', '7'],
 (0, 7): ['1', '4', '5', '7', '8', '9'],
 (0, 8): ['4', '5', '7'],
 (1, 1): ['2', '4', '6', '7', '8'],
 (1, 2): ['4', '7'],
 (1, 4): ['4', '6', '7', '8'],
 (1, 6): ['7', '8'],
 (1, 7): ['2', '4', '6', '7', '8'],
 (2, 0): ['2', '3', '5'],
 (2, 1): ['2', '3', '5', '7', '9'],
 (2, 4): ['3', '5', '7', '9'],
 (2, 7): ['2', '3', '5', '7', '9'],
 (2, 8): ['2', '3', '5', '7'],
 (3, 0): ['3', '4', '5'],
 (3, 1): ['3', '4', '5', '6', '7'],
 (3, 4): ['3', '4', '5', '6', '7'],
 (3, 7): ['3', '4', '5', '6', '7'],
 (3, 8): ['3', '4', '5', '6', '7'],
 (4, 1): ['2', '3', '5', '6', '9'],
 (4, 2): ['9'],
 (4, 3): ['5', '9'],
 (4, 4): ['3', '5', '6', '9'],
 (4, 7): ['2', '3', '5', '6', '9'],
 (5, 0): ['1', '3', '4', '5'],
 (5, 1): ['1', '3', '4', '5', '9'],
 (5, 4): ['3', '4', '5', '9'],
 (5, 7): ['1', '3', '4', '5', '9'],
 (5, 8): ['3', '4', '5'],
 (6, 0): ['1', '3', '4'],
 (6, 1): ['1', '3', '4', '7', '8'],
 (6, 4): ['3', '4', '7', '8'],
 (6, 7): ['1', '3', '4', '7', '8'],
 (6, 8): ['3', '4', '7'],
 (7, 1): ['1', '4', '5', '6', '7'],
 (7, 2): ['4', '7'],
 (7, 4): ['4', '5', '6', '7'],
 (7, 6): ['7'],
 (7, 7): ['1', '4', '5', '6', '7'],
 (8, 0): ['2', '4', '6'],
 (8, 1): ['2', '4', '6', '7', '8', '9'],
 (8, 3): ['4', '9'],
 (8, 5): ['7'],
 (8, 7): ['2', '4', '6', '7', '8', '9'],
 (8, 8): ['2', '4', '6', '7']}
(4, 2)
checking to delete n: 9
deleting: ['9']
removing 9 from coord: (4, 1) with vals ['2', '3', '5', '6', '9']
removing 9 from coord: (4, 3) with vals ['5', '9']
removing 9 from coord: (4, 4) with vals ['3', '5', '6', '9']
removing 9 from coord: (4, 7) with vals ['2', '3', '5', '6', '9']
VAL
{(0, 0): ['4', '5'],
 (0, 1): ['1', '4', '5', '7', '8', '9'],
 (0, 3): ['4', '9'],
 (0, 5): ['1', '7'],
 (0, 7): ['1', '4', '5', '7', '8', '9'],
 (0, 8): ['4', '5', '7'],
 (1, 1): ['2', '4', '6', '7', '8'],
 (1, 2): ['4', '7'],
 (1, 4): ['4', '6', '7', '8'],
 (1, 6): ['7', '8'],
 (1, 7): ['2', '4', '6', '7', '8'],
 (2, 0): ['2', '3', '5'],
 (2, 1): ['2', '3', '5', '7', '9'],
 (2, 4): ['3', '5', '7', '9'],
 (2, 7): ['2', '3', '5', '7', '9'],
 (2, 8): ['2', '3', '5', '7'],
 (3, 0): ['3', '4', '5'],
 (3, 1): ['3', '4', '5', '6', '7'],
 (3, 4): ['3', '4', '5', '6', '7'],
 (3, 7): ['3', '4', '5', '6', '7'],
 (3, 8): ['3', '4', '5', '6', '7'],
 (4, 1): ['2', '3', '5', '6'],
 (4, 3): ['5'],
 (4, 4): ['3', '5', '6'],
 (4, 7): ['2', '3', '5', '6'],
 (5, 0): ['1', '3', '4', '5'],
 (5, 1): ['1', '3', '4', '5', '9'],
 (5, 4): ['3', '4', '5', '9'],
 (5, 7): ['1', '3', '4', '5', '9'],
 (5, 8): ['3', '4', '5'],
 (6, 0): ['1', '3', '4'],
 (6, 1): ['1', '3', '4', '7', '8'],
 (6, 4): ['3', '4', '7', '8'],
 (6, 7): ['1', '3', '4', '7', '8'],
 (6, 8): ['3', '4', '7'],
 (7, 1): ['1', '4', '5', '6', '7'],
 (7, 2): ['4', '7'],
 (7, 4): ['4', '5', '6', '7'],
 (7, 6): ['7'],
 (7, 7): ['1', '4', '5', '6', '7'],
 (8, 0): ['2', '4', '6'],
 (8, 1): ['2', '4', '6', '7', '8', '9'],
 (8, 3): ['4', '9'],
 (8, 5): ['7'],
 (8, 7): ['2', '4', '6', '7', '8', '9'],
 (8, 8): ['2', '4', '6', '7']}
(4, 3)
checking to delete n: 5
deleting: ['5']
removing 5 from coord: (4, 1) with vals ['2', '3', '5', '6']
removing 5 from coord: (4, 4) with vals ['3', '5', '6']
removing 5 from coord: (4, 7) with vals ['2', '3', '5', '6']
VAL
{(0, 0): ['4', '5'],
 (0, 1): ['1', '4', '5', '7', '8', '9'],
 (0, 3): ['4', '9'],
 (0, 5): ['1', '7'],
 (0, 7): ['1', '4', '5', '7', '8', '9'],
 (0, 8): ['4', '5', '7'],
 (1, 1): ['2', '4', '6', '7', '8'],
 (1, 2): ['4', '7'],
 (1, 4): ['4', '6', '7', '8'],
 (1, 6): ['7', '8'],
 (1, 7): ['2', '4', '6', '7', '8'],
 (2, 0): ['2', '3', '5'],
 (2, 1): ['2', '3', '5', '7', '9'],
 (2, 4): ['3', '5', '7', '9'],
 (2, 7): ['2', '3', '5', '7', '9'],
 (2, 8): ['2', '3', '5', '7'],
 (3, 0): ['3', '4', '5'],
 (3, 1): ['3', '4', '5', '6', '7'],
 (3, 4): ['3', '4', '5', '6', '7'],
 (3, 7): ['3', '4', '5', '6', '7'],
 (3, 8): ['3', '4', '5', '6', '7'],
 (4, 1): ['2', '3', '6'],
 (4, 4): ['3', '6'],
 (4, 7): ['2', '3', '6'],
 (5, 0): ['1', '3', '4', '5'],
 (5, 1): ['1', '3', '4', '5', '9'],
 (5, 4): ['3', '4', '5', '9'],
 (5, 7): ['1', '3', '4', '5', '9'],
 (5, 8): ['3', '4', '5'],
 (6, 0): ['1', '3', '4'],
 (6, 1): ['1', '3', '4', '7', '8'],
 (6, 4): ['3', '4', '7', '8'],
 (6, 7): ['1', '3', '4', '7', '8'],
 (6, 8): ['3', '4', '7'],
 (7, 1): ['1', '4', '5', '6', '7'],
 (7, 2): ['4', '7'],
 (7, 4): ['4', '5', '6', '7'],
 (7, 6): ['7'],
 (7, 7): ['1', '4', '5', '6', '7'],
 (8, 0): ['2', '4', '6'],
 (8, 1): ['2', '4', '6', '7', '8', '9'],
 (8, 3): ['4', '9'],
 (8, 5): ['7'],
 (8, 7): ['2', '4', '6', '7', '8', '9'],
 (8, 8): ['2', '4', '6', '7']}
(7, 6)
checking to delete n: 7
deleting: ['7']
removing 7 from coord: (1, 6) with vals ['7', '8']
removing 7 from coord: (7, 1) with vals ['1', '4', '5', '6', '7']
removing 7 from coord: (7, 2) with vals ['4', '7']
removing 7 from coord: (7, 4) with vals ['4', '5', '6', '7']
removing 7 from coord: (7, 7) with vals ['1', '4', '5', '6', '7']
VAL
{(0, 0): ['4', '5'],
 (0, 1): ['1', '4', '5', '7', '8', '9'],
 (0, 3): ['4', '9'],
 (0, 5): ['1', '7'],
 (0, 7): ['1', '4', '5', '7', '8', '9'],
 (0, 8): ['4', '5', '7'],
 (1, 1): ['2', '4', '6', '7', '8'],
 (1, 2): ['4', '7'],
 (1, 4): ['4', '6', '7', '8'],
 (1, 6): ['8'],
 (1, 7): ['2', '4', '6', '7', '8'],
 (2, 0): ['2', '3', '5'],
 (2, 1): ['2', '3', '5', '7', '9'],
 (2, 4): ['3', '5', '7', '9'],
 (2, 7): ['2', '3', '5', '7', '9'],
 (2, 8): ['2', '3', '5', '7'],
 (3, 0): ['3', '4', '5'],
 (3, 1): ['3', '4', '5', '6', '7'],
 (3, 4): ['3', '4', '5', '6', '7'],
 (3, 7): ['3', '4', '5', '6', '7'],
 (3, 8): ['3', '4', '5', '6', '7'],
 (4, 1): ['2', '3', '6'],
 (4, 4): ['3', '6'],
 (4, 7): ['2', '3', '6'],
 (5, 0): ['1', '3', '4', '5'],
 (5, 1): ['1', '3', '4', '5', '9'],
 (5, 4): ['3', '4', '5', '9'],
 (5, 7): ['1', '3', '4', '5', '9'],
 (5, 8): ['3', '4', '5'],
 (6, 0): ['1', '3', '4'],
 (6, 1): ['1', '3', '4', '7', '8'],
 (6, 4): ['3', '4', '7', '8'],
 (6, 7): ['1', '3', '4', '7', '8'],
 (6, 8): ['3', '4', '7'],
 (7, 1): ['1', '4', '5', '6'],
 (7, 2): ['4'],
 (7, 4): ['4', '5', '6'],
 (7, 7): ['1', '4', '5', '6'],
 (8, 0): ['2', '4', '6'],
 (8, 1): ['2', '4', '6', '7', '8', '9'],
 (8, 3): ['4', '9'],
 (8, 5): ['7'],
 (8, 7): ['2', '4', '6', '7', '8', '9'],
 (8, 8): ['2', '4', '6', '7']}
(1, 6)
checking to delete n: 8
deleting: ['8']
removing 8 from coord: (1, 1) with vals ['2', '4', '6', '7', '8']
removing 8 from coord: (1, 4) with vals ['4', '6', '7', '8']
removing 8 from coord: (1, 7) with vals ['2', '4', '6', '7', '8']
VAL
{(0, 0): ['4', '5'],
 (0, 1): ['1', '4', '5', '7', '8', '9'],
 (0, 3): ['4', '9'],
 (0, 5): ['1', '7'],
 (0, 7): ['1', '4', '5', '7', '8', '9'],
 (0, 8): ['4', '5', '7'],
 (1, 1): ['2', '4', '6', '7'],
 (1, 2): ['4', '7'],
 (1, 4): ['4', '6', '7'],
 (1, 7): ['2', '4', '6', '7'],
 (2, 0): ['2', '3', '5'],
 (2, 1): ['2', '3', '5', '7', '9'],
 (2, 4): ['3', '5', '7', '9'],
 (2, 7): ['2', '3', '5', '7', '9'],
 (2, 8): ['2', '3', '5', '7'],
 (3, 0): ['3', '4', '5'],
 (3, 1): ['3', '4', '5', '6', '7'],
 (3, 4): ['3', '4', '5', '6', '7'],
 (3, 7): ['3', '4', '5', '6', '7'],
 (3, 8): ['3', '4', '5', '6', '7'],
 (4, 1): ['2', '3', '6'],
 (4, 4): ['3', '6'],
 (4, 7): ['2', '3', '6'],
 (5, 0): ['1', '3', '4', '5'],
 (5, 1): ['1', '3', '4', '5', '9'],
 (5, 4): ['3', '4', '5', '9'],
 (5, 7): ['1', '3', '4', '5', '9'],
 (5, 8): ['3', '4', '5'],
 (6, 0): ['1', '3', '4'],
 (6, 1): ['1', '3', '4', '7', '8'],
 (6, 4): ['3', '4', '7', '8'],
 (6, 7): ['1', '3', '4', '7', '8'],
 (6, 8): ['3', '4', '7'],
 (7, 1): ['1', '4', '5', '6'],
 (7, 2): ['4'],
 (7, 4): ['4', '5', '6'],
 (7, 7): ['1', '4', '5', '6'],
 (8, 0): ['2', '4', '6'],
 (8, 1): ['2', '4', '6', '7', '8', '9'],
 (8, 3): ['4', '9'],
 (8, 5): ['7'],
 (8, 7): ['2', '4', '6', '7', '8', '9'],
 (8, 8): ['2', '4', '6', '7']}
(7, 2)
checking to delete n: 4
deleting: ['4']
removing 4 from coord: (1, 2) with vals ['4', '7']
removing 4 from coord: (7, 1) with vals ['1', '4', '5', '6']
removing 4 from coord: (7, 4) with vals ['4', '5', '6']
removing 4 from coord: (7, 7) with vals ['1', '4', '5', '6']
VAL
{(0, 0): ['4', '5'],
 (0, 1): ['1', '4', '5', '7', '8', '9'],
 (0, 3): ['4', '9'],
 (0, 5): ['1', '7'],
 (0, 7): ['1', '4', '5', '7', '8', '9'],
 (0, 8): ['4', '5', '7'],
 (1, 1): ['2', '4', '6', '7'],
 (1, 2): ['7'],
 (1, 4): ['4', '6', '7'],
 (1, 7): ['2', '4', '6', '7'],
 (2, 0): ['2', '3', '5'],
 (2, 1): ['2', '3', '5', '7', '9'],
 (2, 4): ['3', '5', '7', '9'],
 (2, 7): ['2', '3', '5', '7', '9'],
 (2, 8): ['2', '3', '5', '7'],
 (3, 0): ['3', '4', '5'],
 (3, 1): ['3', '4', '5', '6', '7'],
 (3, 4): ['3', '4', '5', '6', '7'],
 (3, 7): ['3', '4', '5', '6', '7'],
 (3, 8): ['3', '4', '5', '6', '7'],
 (4, 1): ['2', '3', '6'],
 (4, 4): ['3', '6'],
 (4, 7): ['2', '3', '6'],
 (5, 0): ['1', '3', '4', '5'],
 (5, 1): ['1', '3', '4', '5', '9'],
 (5, 4): ['3', '4', '5', '9'],
 (5, 7): ['1', '3', '4', '5', '9'],
 (5, 8): ['3', '4', '5'],
 (6, 0): ['1', '3', '4'],
 (6, 1): ['1', '3', '4', '7', '8'],
 (6, 4): ['3', '4', '7', '8'],
 (6, 7): ['1', '3', '4', '7', '8'],
 (6, 8): ['3', '4', '7'],
 (7, 1): ['1', '5', '6'],
 (7, 4): ['5', '6'],
 (7, 7): ['1', '5', '6'],
 (8, 0): ['2', '4', '6'],
 (8, 1): ['2', '4', '6', '7', '8', '9'],
 (8, 3): ['4', '9'],
 (8, 5): ['7'],
 (8, 7): ['2', '4', '6', '7', '8', '9'],
 (8, 8): ['2', '4', '6', '7']}
(1, 2)
checking to delete n: 7
deleting: ['7']
removing 7 from coord: (1, 1) with vals ['2', '4', '6', '7']
removing 7 from coord: (1, 4) with vals ['4', '6', '7']
removing 7 from coord: (1, 7) with vals ['2', '4', '6', '7']
VAL
{(0, 0): ['4', '5'],
 (0, 1): ['1', '4', '5', '7', '8', '9'],
 (0, 3): ['4', '9'],
 (0, 5): ['1', '7'],
 (0, 7): ['1', '4', '5', '7', '8', '9'],
 (0, 8): ['4', '5', '7'],
 (1, 1): ['2', '4', '6'],
 (1, 4): ['4', '6'],
 (1, 7): ['2', '4', '6'],
 (2, 0): ['2', '3', '5'],
 (2, 1): ['2', '3', '5', '7', '9'],
 (2, 4): ['3', '5', '7', '9'],
 (2, 7): ['2', '3', '5', '7', '9'],
 (2, 8): ['2', '3', '5', '7'],
 (3, 0): ['3', '4', '5'],
 (3, 1): ['3', '4', '5', '6', '7'],
 (3, 4): ['3', '4', '5', '6', '7'],
 (3, 7): ['3', '4', '5', '6', '7'],
 (3, 8): ['3', '4', '5', '6', '7'],
 (4, 1): ['2', '3', '6'],
 (4, 4): ['3', '6'],
 (4, 7): ['2', '3', '6'],
 (5, 0): ['1', '3', '4', '5'],
 (5, 1): ['1', '3', '4', '5', '9'],
 (5, 4): ['3', '4', '5', '9'],
 (5, 7): ['1', '3', '4', '5', '9'],
 (5, 8): ['3', '4', '5'],
 (6, 0): ['1', '3', '4'],
 (6, 1): ['1', '3', '4', '7', '8'],
 (6, 4): ['3', '4', '7', '8'],
 (6, 7): ['1', '3', '4', '7', '8'],
 (6, 8): ['3', '4', '7'],
 (7, 1): ['1', '5', '6'],
 (7, 4): ['5', '6'],
 (7, 7): ['1', '5', '6'],
 (8, 0): ['2', '4', '6'],
 (8, 1): ['2', '4', '6', '7', '8', '9'],
 (8, 3): ['4', '9'],
 (8, 5): ['7'],
 (8, 7): ['2', '4', '6', '7', '8', '9'],
 (8, 8): ['2', '4', '6', '7']}
(8, 5)
checking to delete n: 7
deleting: ['7']
removing 7 from coord: (0, 5) with vals ['1', '7']
removing 7 from coord: (8, 1) with vals ['2', '4', '6', '7', '8', '9']
removing 7 from coord: (8, 7) with vals ['2', '4', '6', '7', '8', '9']
removing 7 from coord: (8, 8) with vals ['2', '4', '6', '7']
VAL
{(0, 0): ['4', '5'],
 (0, 1): ['1', '4', '5', '7', '8', '9'],
 (0, 3): ['4', '9'],
 (0, 5): ['1'],
 (0, 7): ['1', '4', '5', '7', '8', '9'],
 (0, 8): ['4', '5', '7'],
 (1, 1): ['2', '4', '6'],
 (1, 4): ['4', '6'],
 (1, 7): ['2', '4', '6'],
 (2, 0): ['2', '3', '5'],
 (2, 1): ['2', '3', '5', '7', '9'],
 (2, 4): ['3', '5', '7', '9'],
 (2, 7): ['2', '3', '5', '7', '9'],
 (2, 8): ['2', '3', '5', '7'],
 (3, 0): ['3', '4', '5'],
 (3, 1): ['3', '4', '5', '6', '7'],
 (3, 4): ['3', '4', '5', '6', '7'],
 (3, 7): ['3', '4', '5', '6', '7'],
 (3, 8): ['3', '4', '5', '6', '7'],
 (4, 1): ['2', '3', '6'],
 (4, 4): ['3', '6'],
 (4, 7): ['2', '3', '6'],
 (5, 0): ['1', '3', '4', '5'],
 (5, 1): ['1', '3', '4', '5', '9'],
 (5, 4): ['3', '4', '5', '9'],
 (5, 7): ['1', '3', '4', '5', '9'],
 (5, 8): ['3', '4', '5'],
 (6, 0): ['1', '3', '4'],
 (6, 1): ['1', '3', '4', '7', '8'],
 (6, 4): ['3', '4', '7', '8'],
 (6, 7): ['1', '3', '4', '7', '8'],
 (6, 8): ['3', '4', '7'],
 (7, 1): ['1', '5', '6'],
 (7, 4): ['5', '6'],
 (7, 7): ['1', '5', '6'],
 (8, 0): ['2', '4', '6'],
 (8, 1): ['2', '4', '6', '8', '9'],
 (8, 3): ['4', '9'],
 (8, 7): ['2', '4', '6', '8', '9'],
 (8, 8): ['2', '4', '6']}
(0, 5)
checking to delete n: 1
deleting: ['1']
removing 1 from coord: (0, 1) with vals ['1', '4', '5', '7', '8', '9']
removing 1 from coord: (0, 7) with vals ['1', '4', '5', '7', '8', '9']
VAL
{(0, 0): ['4', '5'],
 (0, 1): ['4', '5', '7', '8', '9'],
 (0, 3): ['4', '9'],
 (0, 7): ['4', '5', '7', '8', '9'],
 (0, 8): ['4', '5', '7'],
 (1, 1): ['2', '4', '6'],
 (1, 4): ['4', '6'],
 (1, 7): ['2', '4', '6'],
 (2, 0): ['2', '3', '5'],
 (2, 1): ['2', '3', '5', '7', '9'],
 (2, 4): ['3', '5', '7', '9'],
 (2, 7): ['2', '3', '5', '7', '9'],
 (2, 8): ['2', '3', '5', '7'],
 (3, 0): ['3', '4', '5'],
 (3, 1): ['3', '4', '5', '6', '7'],
 (3, 4): ['3', '4', '5', '6', '7'],
 (3, 7): ['3', '4', '5', '6', '7'],
 (3, 8): ['3', '4', '5', '6', '7'],
 (4, 1): ['2', '3', '6'],
 (4, 4): ['3', '6'],
 (4, 7): ['2', '3', '6'],
 (5, 0): ['1', '3', '4', '5'],
 (5, 1): ['1', '3', '4', '5', '9'],
 (5, 4): ['3', '4', '5', '9'],
 (5, 7): ['1', '3', '4', '5', '9'],
 (5, 8): ['3', '4', '5'],
 (6, 0): ['1', '3', '4'],
 (6, 1): ['1', '3', '4', '7', '8'],
 (6, 4): ['3', '4', '7', '8'],
 (6, 7): ['1', '3', '4', '7', '8'],
 (6, 8): ['3', '4', '7'],
 (7, 1): ['1', '5', '6'],
 (7, 4): ['5', '6'],
 (7, 7): ['1', '5', '6'],
 (8, 0): ['2', '4', '6'],
 (8, 1): ['2', '4', '6', '8', '9'],
 (8, 3): ['4', '9'],
 (8, 7): ['2', '4', '6', '8', '9'],
 (8, 8): ['2', '4', '6']}
(0, 0)
checking to delete n: 4
deleting: ['4', '5']
removing 4 from coord: (0, 1) with vals ['4', '5', '7', '8', '9']
removing 4 from coord: (0, 3) with vals ['4', '9']
removing 4 from coord: (0, 7) with vals ['4', '5', '7', '8', '9']
removing 4 from coord: (0, 8) with vals ['4', '5', '7']
removing 4 from coord: (3, 0) with vals ['3', '4', '5']
removing 4 from coord: (5, 0) with vals ['1', '3', '4', '5']
removing 4 from coord: (6, 0) with vals ['1', '3', '4']
removing 4 from coord: (8, 0) with vals ['2', '4', '6']
VAL
{(0, 1): ['5', '7', '8', '9'],
 (0, 3): ['9'],
 (0, 7): ['5', '7', '8', '9'],
 (0, 8): ['5', '7'],
 (1, 1): ['2', '4', '6'],
 (1, 4): ['4', '6'],
 (1, 7): ['2', '4', '6'],
 (2, 0): ['2', '3', '5'],
 (2, 1): ['2', '3', '5', '7', '9'],
 (2, 4): ['3', '5', '7', '9'],
 (2, 7): ['2', '3', '5', '7', '9'],
 (2, 8): ['2', '3', '5', '7'],
 (3, 0): ['3', '5'],
 (3, 1): ['3', '4', '5', '6', '7'],
 (3, 4): ['3', '4', '5', '6', '7'],
 (3, 7): ['3', '4', '5', '6', '7'],
 (3, 8): ['3', '4', '5', '6', '7'],
 (4, 1): ['2', '3', '6'],
 (4, 4): ['3', '6'],
 (4, 7): ['2', '3', '6'],
 (5, 0): ['1', '3', '5'],
 (5, 1): ['1', '3', '4', '5', '9'],
 (5, 4): ['3', '4', '5', '9'],
 (5, 7): ['1', '3', '4', '5', '9'],
 (5, 8): ['3', '4', '5'],
 (6, 0): ['1', '3'],
 (6, 1): ['1', '3', '4', '7', '8'],
 (6, 4): ['3', '4', '7', '8'],
 (6, 7): ['1', '3', '4', '7', '8'],
 (6, 8): ['3', '4', '7'],
 (7, 1): ['1', '5', '6'],
 (7, 4): ['5', '6'],
 (7, 7): ['1', '5', '6'],
 (8, 0): ['2', '6'],
 (8, 1): ['2', '4', '6', '8', '9'],
 (8, 3): ['4', '9'],
 (8, 7): ['2', '4', '6', '8', '9'],
 (8, 8): ['2', '4', '6']}
(0, 3)
checking to delete n: 9
deleting: ['9']
removing 9 from coord: (0, 1) with vals ['5', '7', '8', '9']
removing 9 from coord: (0, 7) with vals ['5', '7', '8', '9']
removing 9 from coord: (8, 3) with vals ['4', '9']
VAL
{(0, 1): ['5', '7', '8'],
 (0, 7): ['5', '7', '8'],
 (0, 8): ['5', '7'],
 (1, 1): ['2', '4', '6'],
 (1, 4): ['4', '6'],
 (1, 7): ['2', '4', '6'],
 (2, 0): ['2', '3', '5'],
 (2, 1): ['2', '3', '5', '7', '9'],
 (2, 4): ['3', '5', '7', '9'],
 (2, 7): ['2', '3', '5', '7', '9'],
 (2, 8): ['2', '3', '5', '7'],
 (3, 0): ['3', '5'],
 (3, 1): ['3', '4', '5', '6', '7'],
 (3, 4): ['3', '4', '5', '6', '7'],
 (3, 7): ['3', '4', '5', '6', '7'],
 (3, 8): ['3', '4', '5', '6', '7'],
 (4, 1): ['2', '3', '6'],
 (4, 4): ['3', '6'],
 (4, 7): ['2', '3', '6'],
 (5, 0): ['1', '3', '5'],
 (5, 1): ['1', '3', '4', '5', '9'],
 (5, 4): ['3', '4', '5', '9'],
 (5, 7): ['1', '3', '4', '5', '9'],
 (5, 8): ['3', '4', '5'],
 (6, 0): ['1', '3'],
 (6, 1): ['1', '3', '4', '7', '8'],
 (6, 4): ['3', '4', '7', '8'],
 (6, 7): ['1', '3', '4', '7', '8'],
 (6, 8): ['3', '4', '7'],
 (7, 1): ['1', '5', '6'],
 (7, 4): ['5', '6'],
 (7, 7): ['1', '5', '6'],
 (8, 0): ['2', '6'],
 (8, 1): ['2', '4', '6', '8', '9'],
 (8, 3): ['4'],
 (8, 7): ['2', '4', '6', '8', '9'],
 (8, 8): ['2', '4', '6']}
(8, 3)
checking to delete n: 4
deleting: ['4']
removing 4 from coord: (8, 1) with vals ['2', '4', '6', '8', '9']
removing 4 from coord: (8, 7) with vals ['2', '4', '6', '8', '9']
removing 4 from coord: (8, 8) with vals ['2', '4', '6']
VAL
{(0, 1): ['5', '7', '8'],
 (0, 7): ['5', '7', '8'],
 (0, 8): ['5', '7'],
 (1, 1): ['2', '4', '6'],
 (1, 4): ['4', '6'],
 (1, 7): ['2', '4', '6'],
 (2, 0): ['2', '3', '5'],
 (2, 1): ['2', '3', '5', '7', '9'],
 (2, 4): ['3', '5', '7', '9'],
 (2, 7): ['2', '3', '5', '7', '9'],
 (2, 8): ['2', '3', '5', '7'],
 (3, 0): ['3', '5'],
 (3, 1): ['3', '4', '5', '6', '7'],
 (3, 4): ['3', '4', '5', '6', '7'],
 (3, 7): ['3', '4', '5', '6', '7'],
 (3, 8): ['3', '4', '5', '6', '7'],
 (4, 1): ['2', '3', '6'],
 (4, 4): ['3', '6'],
 (4, 7): ['2', '3', '6'],
 (5, 0): ['1', '3', '5'],
 (5, 1): ['1', '3', '4', '5', '9'],
 (5, 4): ['3', '4', '5', '9'],
 (5, 7): ['1', '3', '4', '5', '9'],
 (5, 8): ['3', '4', '5'],
 (6, 0): ['1', '3'],
 (6, 1): ['1', '3', '4', '7', '8'],
 (6, 4): ['3', '4', '7', '8'],
 (6, 7): ['1', '3', '4', '7', '8'],
 (6, 8): ['3', '4', '7'],
 (7, 1): ['1', '5', '6'],
 (7, 4): ['5', '6'],
 (7, 7): ['1', '5', '6'],
 (8, 0): ['2', '6'],
 (8, 1): ['2', '6', '8', '9'],
 (8, 7): ['2', '6', '8', '9'],
 (8, 8): ['2', '6']}
(0, 8)
checking to delete n: 5
deleting: ['5', '7']
removing 5 from coord: (0, 1) with vals ['5', '7', '8']
removing 5 from coord: (0, 7) with vals ['5', '7', '8']
removing 5 from coord: (2, 8) with vals ['2', '3', '5', '7']
removing 5 from coord: (3, 8) with vals ['3', '4', '5', '6', '7']
removing 5 from coord: (5, 8) with vals ['3', '4', '5']
VAL
{(0, 1): ['7', '8'],
 (0, 7): ['7', '8'],
 (1, 1): ['2', '4', '6'],
 (1, 4): ['4', '6'],
 (1, 7): ['2', '4', '6'],
 (2, 0): ['2', '3', '5'],
 (2, 1): ['2', '3', '5', '7', '9'],
 (2, 4): ['3', '5', '7', '9'],
 (2, 7): ['2', '3', '5', '7', '9'],
 (2, 8): ['2', '3', '7'],
 (3, 0): ['3', '5'],
 (3, 1): ['3', '4', '5', '6', '7'],
 (3, 4): ['3', '4', '5', '6', '7'],
 (3, 7): ['3', '4', '5', '6', '7'],
 (3, 8): ['3', '4', '6', '7'],
 (4, 1): ['2', '3', '6'],
 (4, 4): ['3', '6'],
 (4, 7): ['2', '3', '6'],
 (5, 0): ['1', '3', '5'],
 (5, 1): ['1', '3', '4', '5', '9'],
 (5, 4): ['3', '4', '5', '9'],
 (5, 7): ['1', '3', '4', '5', '9'],
 (5, 8): ['3', '4'],
 (6, 0): ['1', '3'],
 (6, 1): ['1', '3', '4', '7', '8'],
 (6, 4): ['3', '4', '7', '8'],
 (6, 7): ['1', '3', '4', '7', '8'],
 (6, 8): ['3', '4', '7'],
 (7, 1): ['1', '5', '6'],
 (7, 4): ['5', '6'],
 (7, 7): ['1', '5', '6'],
 (8, 0): ['2', '6'],
 (8, 1): ['2', '6', '8', '9'],
 (8, 7): ['2', '6', '8', '9'],
 (8, 8): ['2', '6']}
(0, 1)
checking to delete n: 7
deleting: ['7', '8']
removing 7 from coord: (0, 7) with vals ['7', '8']
removing 7 from coord: (2, 1) with vals ['2', '3', '5', '7', '9']
removing 7 from coord: (3, 1) with vals ['3', '4', '5', '6', '7']
removing 7 from coord: (6, 1) with vals ['1', '3', '4', '7', '8']
VAL
{(0, 7): ['8'],
 (1, 1): ['2', '4', '6'],
 (1, 4): ['4', '6'],
 (1, 7): ['2', '4', '6'],
 (2, 0): ['2', '3', '5'],
 (2, 1): ['2', '3', '5', '9'],
 (2, 4): ['3', '5', '7', '9'],
 (2, 7): ['2', '3', '5', '7', '9'],
 (2, 8): ['2', '3', '7'],
 (3, 0): ['3', '5'],
 (3, 1): ['3', '4', '5', '6'],
 (3, 4): ['3', '4', '5', '6', '7'],
 (3, 7): ['3', '4', '5', '6', '7'],
 (3, 8): ['3', '4', '6', '7'],
 (4, 1): ['2', '3', '6'],
 (4, 4): ['3', '6'],
 (4, 7): ['2', '3', '6'],
 (5, 0): ['1', '3', '5'],
 (5, 1): ['1', '3', '4', '5', '9'],
 (5, 4): ['3', '4', '5', '9'],
 (5, 7): ['1', '3', '4', '5', '9'],
 (5, 8): ['3', '4'],
 (6, 0): ['1', '3'],
 (6, 1): ['1', '3', '4', '8'],
 (6, 4): ['3', '4', '7', '8'],
 (6, 7): ['1', '3', '4', '7', '8'],
 (6, 8): ['3', '4', '7'],
 (7, 1): ['1', '5', '6'],
 (7, 4): ['5', '6'],
 (7, 7): ['1', '5', '6'],
 (8, 0): ['2', '6'],
 (8, 1): ['2', '6', '8', '9'],
 (8, 7): ['2', '6', '8', '9'],
 (8, 8): ['2', '6']}
(0, 7)
checking to delete n: 8
deleting: ['8']
removing 8 from coord: (6, 7) with vals ['1', '3', '4', '7', '8']
removing 8 from coord: (8, 7) with vals ['2', '6', '8', '9']
VAL
{(1, 1): ['2', '4', '6'],
 (1, 4): ['4', '6'],
 (1, 7): ['2', '4', '6'],
 (2, 0): ['2', '3', '5'],
 (2, 1): ['2', '3', '5', '9'],
 (2, 4): ['3', '5', '7', '9'],
 (2, 7): ['2', '3', '5', '7', '9'],
 (2, 8): ['2', '3', '7'],
 (3, 0): ['3', '5'],
 (3, 1): ['3', '4', '5', '6'],
 (3, 4): ['3', '4', '5', '6', '7'],
 (3, 7): ['3', '4', '5', '6', '7'],
 (3, 8): ['3', '4', '6', '7'],
 (4, 1): ['2', '3', '6'],
 (4, 4): ['3', '6'],
 (4, 7): ['2', '3', '6'],
 (5, 0): ['1', '3', '5'],
 (5, 1): ['1', '3', '4', '5', '9'],
 (5, 4): ['3', '4', '5', '9'],
 (5, 7): ['1', '3', '4', '5', '9'],
 (5, 8): ['3', '4'],
 (6, 0): ['1', '3'],
 (6, 1): ['1', '3', '4', '8'],
 (6, 4): ['3', '4', '7', '8'],
 (6, 7): ['1', '3', '4', '7'],
 (6, 8): ['3', '4', '7'],
 (7, 1): ['1', '5', '6'],
 (7, 4): ['5', '6'],
 (7, 7): ['1', '5', '6'],
 (8, 0): ['2', '6'],
 (8, 1): ['2', '6', '8', '9'],
 (8, 7): ['2', '6', '9'],
 (8, 8): ['2', '6']}
(1, 4)
checking to delete n: 4
deleting: ['4', '6']
removing 4 from coord: (1, 1) with vals ['2', '4', '6']
removing 4 from coord: (1, 7) with vals ['2', '4', '6']
removing 4 from coord: (3, 4) with vals ['3', '4', '5', '6', '7']
removing 4 from coord: (5, 4) with vals ['3', '4', '5', '9']
removing 4 from coord: (6, 4) with vals ['3', '4', '7', '8']
VAL
{(1, 1): ['2', '6'],
 (1, 7): ['2', '6'],
 (2, 0): ['2', '3', '5'],
 (2, 1): ['2', '3', '5', '9'],
 (2, 4): ['3', '5', '7', '9'],
 (2, 7): ['2', '3', '5', '7', '9'],
 (2, 8): ['2', '3', '7'],
 (3, 0): ['3', '5'],
 (3, 1): ['3', '4', '5', '6'],
 (3, 4): ['3', '5', '6', '7'],
 (3, 7): ['3', '4', '5', '6', '7'],
 (3, 8): ['3', '4', '6', '7'],
 (4, 1): ['2', '3', '6'],
 (4, 4): ['3', '6'],
 (4, 7): ['2', '3', '6'],
 (5, 0): ['1', '3', '5'],
 (5, 1): ['1', '3', '4', '5', '9'],
 (5, 4): ['3', '5', '9'],
 (5, 7): ['1', '3', '4', '5', '9'],
 (5, 8): ['3', '4'],
 (6, 0): ['1', '3'],
 (6, 1): ['1', '3', '4', '8'],
 (6, 4): ['3', '7', '8'],
 (6, 7): ['1', '3', '4', '7'],
 (6, 8): ['3', '4', '7'],
 (7, 1): ['1', '5', '6'],
 (7, 4): ['5', '6'],
 (7, 7): ['1', '5', '6'],
 (8, 0): ['2', '6'],
 (8, 1): ['2', '6', '8', '9'],
 (8, 7): ['2', '6', '9'],
 (8, 8): ['2', '6']}
(1, 1)
checking to delete n: 2
deleting: ['2', '6']
removing 2 from coord: (1, 7) with vals ['2', '6']
removing 2 from coord: (2, 1) with vals ['2', '3', '5', '9']
removing 2 from coord: (4, 1) with vals ['2', '3', '6']
removing 2 from coord: (8, 1) with vals ['2', '6', '8', '9']
VAL
{(1, 7): ['6'],
 (2, 0): ['2', '3', '5'],
 (2, 1): ['3', '5', '9'],
 (2, 4): ['3', '5', '7', '9'],
 (2, 7): ['2', '3', '5', '7', '9'],
 (2, 8): ['2', '3', '7'],
 (3, 0): ['3', '5'],
 (3, 1): ['3', '4', '5', '6'],
 (3, 4): ['3', '5', '6', '7'],
 (3, 7): ['3', '4', '5', '6', '7'],
 (3, 8): ['3', '4', '6', '7'],
 (4, 1): ['3', '6'],
 (4, 4): ['3', '6'],
 (4, 7): ['2', '3', '6'],
 (5, 0): ['1', '3', '5'],
 (5, 1): ['1', '3', '4', '5', '9'],
 (5, 4): ['3', '5', '9'],
 (5, 7): ['1', '3', '4', '5', '9'],
 (5, 8): ['3', '4'],
 (6, 0): ['1', '3'],
 (6, 1): ['1', '3', '4', '8'],
 (6, 4): ['3', '7', '8'],
 (6, 7): ['1', '3', '4', '7'],
 (6, 8): ['3', '4', '7'],
 (7, 1): ['1', '5', '6'],
 (7, 4): ['5', '6'],
 (7, 7): ['1', '5', '6'],
 (8, 0): ['2', '6'],
 (8, 1): ['6', '8', '9'],
 (8, 7): ['2', '6', '9'],
 (8, 8): ['2', '6']}
(1, 7)
checking to delete n: 6
deleting: ['6']
removing 6 from coord: (3, 7) with vals ['3', '4', '5', '6', '7']
removing 6 from coord: (4, 7) with vals ['2', '3', '6']
removing 6 from coord: (7, 7) with vals ['1', '5', '6']
removing 6 from coord: (8, 7) with vals ['2', '6', '9']
VAL
{(2, 0): ['2', '3', '5'],
 (2, 1): ['3', '5', '9'],
 (2, 4): ['3', '5', '7', '9'],
 (2, 7): ['2', '3', '5', '7', '9'],
 (2, 8): ['2', '3', '7'],
 (3, 0): ['3', '5'],
 (3, 1): ['3', '4', '5', '6'],
 (3, 4): ['3', '5', '6', '7'],
 (3, 7): ['3', '4', '5', '7'],
 (3, 8): ['3', '4', '6', '7'],
 (4, 1): ['3', '6'],
 (4, 4): ['3', '6'],
 (4, 7): ['2', '3'],
 (5, 0): ['1', '3', '5'],
 (5, 1): ['1', '3', '4', '5', '9'],
 (5, 4): ['3', '5', '9'],
 (5, 7): ['1', '3', '4', '5', '9'],
 (5, 8): ['3', '4'],
 (6, 0): ['1', '3'],
 (6, 1): ['1', '3', '4', '8'],
 (6, 4): ['3', '7', '8'],
 (6, 7): ['1', '3', '4', '7'],
 (6, 8): ['3', '4', '7'],
 (7, 1): ['1', '5', '6'],
 (7, 4): ['5', '6'],
 (7, 7): ['1', '5'],
 (8, 0): ['2', '6'],
 (8, 1): ['6', '8', '9'],
 (8, 7): ['2', '9'],
 (8, 8): ['2', '6']}
(3, 0)
checking to delete n: 3
deleting: ['3', '5']
removing 3 from coord: (2, 0) with vals ['2', '3', '5']
removing 3 from coord: (3, 1) with vals ['3', '4', '5', '6']
removing 3 from coord: (3, 4) with vals ['3', '5', '6', '7']
removing 3 from coord: (3, 7) with vals ['3', '4', '5', '7']
removing 3 from coord: (3, 8) with vals ['3', '4', '6', '7']
removing 3 from coord: (5, 0) with vals ['1', '3', '5']
removing 3 from coord: (6, 0) with vals ['1', '3']
VAL
{(2, 0): ['2', '5'],
 (2, 1): ['3', '5', '9'],
 (2, 4): ['3', '5', '7', '9'],
 (2, 7): ['2', '3', '5', '7', '9'],
 (2, 8): ['2', '3', '7'],
 (3, 1): ['4', '5', '6'],
 (3, 4): ['5', '6', '7'],
 (3, 7): ['4', '5', '7'],
 (3, 8): ['4', '6', '7'],
 (4, 1): ['3', '6'],
 (4, 4): ['3', '6'],
 (4, 7): ['2', '3'],
 (5, 0): ['1', '5'],
 (5, 1): ['1', '3', '4', '5', '9'],
 (5, 4): ['3', '5', '9'],
 (5, 7): ['1', '3', '4', '5', '9'],
 (5, 8): ['3', '4'],
 (6, 0): ['1'],
 (6, 1): ['1', '3', '4', '8'],
 (6, 4): ['3', '7', '8'],
 (6, 7): ['1', '3', '4', '7'],
 (6, 8): ['3', '4', '7'],
 (7, 1): ['1', '5', '6'],
 (7, 4): ['5', '6'],
 (7, 7): ['1', '5'],
 (8, 0): ['2', '6'],
 (8, 1): ['6', '8', '9'],
 (8, 7): ['2', '9'],
 (8, 8): ['2', '6']}
(6, 0)
checking to delete n: 1
deleting: ['1']
removing 1 from coord: (5, 0) with vals ['1', '5']
removing 1 from coord: (6, 1) with vals ['1', '3', '4', '8']
removing 1 from coord: (6, 7) with vals ['1', '3', '4', '7']
VAL
{(2, 0): ['2', '5'],
 (2, 1): ['3', '5', '9'],
 (2, 4): ['3', '5', '7', '9'],
 (2, 7): ['2', '3', '5', '7', '9'],
 (2, 8): ['2', '3', '7'],
 (3, 1): ['4', '5', '6'],
 (3, 4): ['5', '6', '7'],
 (3, 7): ['4', '5', '7'],
 (3, 8): ['4', '6', '7'],
 (4, 1): ['3', '6'],
 (4, 4): ['3', '6'],
 (4, 7): ['2', '3'],
 (5, 0): ['5'],
 (5, 1): ['1', '3', '4', '5', '9'],
 (5, 4): ['3', '5', '9'],
 (5, 7): ['1', '3', '4', '5', '9'],
 (5, 8): ['3', '4'],
 (6, 1): ['3', '4', '8'],
 (6, 4): ['3', '7', '8'],
 (6, 7): ['3', '4', '7'],
 (6, 8): ['3', '4', '7'],
 (7, 1): ['1', '5', '6'],
 (7, 4): ['5', '6'],
 (7, 7): ['1', '5'],
 (8, 0): ['2', '6'],
 (8, 1): ['6', '8', '9'],
 (8, 7): ['2', '9'],
 (8, 8): ['2', '6']}
(5, 0)
checking to delete n: 5
deleting: ['5']
removing 5 from coord: (2, 0) with vals ['2', '5']
removing 5 from coord: (5, 1) with vals ['1', '3', '4', '5', '9']
removing 5 from coord: (5, 4) with vals ['3', '5', '9']
removing 5 from coord: (5, 7) with vals ['1', '3', '4', '5', '9']
VAL
{(2, 0): ['2'],
 (2, 1): ['3', '5', '9'],
 (2, 4): ['3', '5', '7', '9'],
 (2, 7): ['2', '3', '5', '7', '9'],
 (2, 8): ['2', '3', '7'],
 (3, 1): ['4', '5', '6'],
 (3, 4): ['5', '6', '7'],
 (3, 7): ['4', '5', '7'],
 (3, 8): ['4', '6', '7'],
 (4, 1): ['3', '6'],
 (4, 4): ['3', '6'],
 (4, 7): ['2', '3'],
 (5, 1): ['1', '3', '4', '9'],
 (5, 4): ['3', '9'],
 (5, 7): ['1', '3', '4', '9'],
 (5, 8): ['3', '4'],
 (6, 1): ['3', '4', '8'],
 (6, 4): ['3', '7', '8'],
 (6, 7): ['3', '4', '7'],
 (6, 8): ['3', '4', '7'],
 (7, 1): ['1', '5', '6'],
 (7, 4): ['5', '6'],
 (7, 7): ['1', '5'],
 (8, 0): ['2', '6'],
 (8, 1): ['6', '8', '9'],
 (8, 7): ['2', '9'],
 (8, 8): ['2', '6']}
(2, 0)
checking to delete n: 2
deleting: ['2']
removing 2 from coord: (2, 7) with vals ['2', '3', '5', '7', '9']
removing 2 from coord: (2, 8) with vals ['2', '3', '7']
removing 2 from coord: (8, 0) with vals ['2', '6']
VAL
{(2, 1): ['3', '5', '9'],
 (2, 4): ['3', '5', '7', '9'],
 (2, 7): ['3', '5', '7', '9'],
 (2, 8): ['3', '7'],
 (3, 1): ['4', '5', '6'],
 (3, 4): ['5', '6', '7'],
 (3, 7): ['4', '5', '7'],
 (3, 8): ['4', '6', '7'],
 (4, 1): ['3', '6'],
 (4, 4): ['3', '6'],
 (4, 7): ['2', '3'],
 (5, 1): ['1', '3', '4', '9'],
 (5, 4): ['3', '9'],
 (5, 7): ['1', '3', '4', '9'],
 (5, 8): ['3', '4'],
 (6, 1): ['3', '4', '8'],
 (6, 4): ['3', '7', '8'],
 (6, 7): ['3', '4', '7'],
 (6, 8): ['3', '4', '7'],
 (7, 1): ['1', '5', '6'],
 (7, 4): ['5', '6'],
 (7, 7): ['1', '5'],
 (8, 0): ['6'],
 (8, 1): ['6', '8', '9'],
 (8, 7): ['2', '9'],
 (8, 8): ['2', '6']}
(8, 0)
checking to delete n: 6
deleting: ['6']
removing 6 from coord: (8, 1) with vals ['6', '8', '9']
removing 6 from coord: (8, 8) with vals ['2', '6']
VAL
{(2, 1): ['3', '5', '9'],
 (2, 4): ['3', '5', '7', '9'],
 (2, 7): ['3', '5', '7', '9'],
 (2, 8): ['3', '7'],
 (3, 1): ['4', '5', '6'],
 (3, 4): ['5', '6', '7'],
 (3, 7): ['4', '5', '7'],
 (3, 8): ['4', '6', '7'],
 (4, 1): ['3', '6'],
 (4, 4): ['3', '6'],
 (4, 7): ['2', '3'],
 (5, 1): ['1', '3', '4', '9'],
 (5, 4): ['3', '9'],
 (5, 7): ['1', '3', '4', '9'],
 (5, 8): ['3', '4'],
 (6, 1): ['3', '4', '8'],
 (6, 4): ['3', '7', '8'],
 (6, 7): ['3', '4', '7'],
 (6, 8): ['3', '4', '7'],
 (7, 1): ['1', '5', '6'],
 (7, 4): ['5', '6'],
 (7, 7): ['1', '5'],
 (8, 1): ['8', '9'],
 (8, 7): ['2', '9'],
 (8, 8): ['2']}
(8, 8)
checking to delete n: 2
deleting: ['2']
removing 2 from coord: (8, 7) with vals ['2', '9']
VAL
{(2, 1): ['3', '5', '9'],
 (2, 4): ['3', '5', '7', '9'],
 (2, 7): ['3', '5', '7', '9'],
 (2, 8): ['3', '7'],
 (3, 1): ['4', '5', '6'],
 (3, 4): ['5', '6', '7'],
 (3, 7): ['4', '5', '7'],
 (3, 8): ['4', '6', '7'],
 (4, 1): ['3', '6'],
 (4, 4): ['3', '6'],
 (4, 7): ['2', '3'],
 (5, 1): ['1', '3', '4', '9'],
 (5, 4): ['3', '9'],
 (5, 7): ['1', '3', '4', '9'],
 (5, 8): ['3', '4'],
 (6, 1): ['3', '4', '8'],
 (6, 4): ['3', '7', '8'],
 (6, 7): ['3', '4', '7'],
 (6, 8): ['3', '4', '7'],
 (7, 1): ['1', '5', '6'],
 (7, 4): ['5', '6'],
 (7, 7): ['1', '5'],
 (8, 1): ['8', '9'],
 (8, 7): ['9']}
(8, 7)
checking to delete n: 9
deleting: ['9']
removing 9 from coord: (2, 7) with vals ['3', '5', '7', '9']
removing 9 from coord: (5, 7) with vals ['1', '3', '4', '9']
removing 9 from coord: (8, 1) with vals ['8', '9']
VAL
{(2, 1): ['3', '5', '9'],
 (2, 4): ['3', '5', '7', '9'],
 (2, 7): ['3', '5', '7'],
 (2, 8): ['3', '7'],
 (3, 1): ['4', '5', '6'],
 (3, 4): ['5', '6', '7'],
 (3, 7): ['4', '5', '7'],
 (3, 8): ['4', '6', '7'],
 (4, 1): ['3', '6'],
 (4, 4): ['3', '6'],
 (4, 7): ['2', '3'],
 (5, 1): ['1', '3', '4', '9'],
 (5, 4): ['3', '9'],
 (5, 7): ['1', '3', '4'],
 (5, 8): ['3', '4'],
 (6, 1): ['3', '4', '8'],
 (6, 4): ['3', '7', '8'],
 (6, 7): ['3', '4', '7'],
 (6, 8): ['3', '4', '7'],
 (7, 1): ['1', '5', '6'],
 (7, 4): ['5', '6'],
 (7, 7): ['1', '5'],
 (8, 1): ['8']}
(8, 1)
checking to delete n: 8
deleting: ['8']
removing 8 from coord: (6, 1) with vals ['3', '4', '8']
VAL
{(2, 1): ['3', '5', '9'],
 (2, 4): ['3', '5', '7', '9'],
 (2, 7): ['3', '5', '7'],
 (2, 8): ['3', '7'],
 (3, 1): ['4', '5', '6'],
 (3, 4): ['5', '6', '7'],
 (3, 7): ['4', '5', '7'],
 (3, 8): ['4', '6', '7'],
 (4, 1): ['3', '6'],
 (4, 4): ['3', '6'],
 (4, 7): ['2', '3'],
 (5, 1): ['1', '3', '4', '9'],
 (5, 4): ['3', '9'],
 (5, 7): ['1', '3', '4'],
 (5, 8): ['3', '4'],
 (6, 1): ['3', '4'],
 (6, 4): ['3', '7', '8'],
 (6, 7): ['3', '4', '7'],
 (6, 8): ['3', '4', '7'],
 (7, 1): ['1', '5', '6'],
 (7, 4): ['5', '6'],
 (7, 7): ['1', '5']}
(2, 8)
checking to delete n: 3
deleting: ['3', '7']
removing 3 from coord: (2, 1) with vals ['3', '5', '9']
removing 3 from coord: (2, 4) with vals ['3', '5', '7', '9']
removing 3 from coord: (2, 7) with vals ['3', '5', '7']
removing 3 from coord: (5, 8) with vals ['3', '4']
removing 3 from coord: (6, 8) with vals ['3', '4', '7']
VAL
{(2, 1): ['5', '9'],
 (2, 4): ['5', '7', '9'],
 (2, 7): ['5', '7'],
 (3, 1): ['4', '5', '6'],
 (3, 4): ['5', '6', '7'],
 (3, 7): ['4', '5', '7'],
 (3, 8): ['4', '6', '7'],
 (4, 1): ['3', '6'],
 (4, 4): ['3', '6'],
 (4, 7): ['2', '3'],
 (5, 1): ['1', '3', '4', '9'],
 (5, 4): ['3', '9'],
 (5, 7): ['1', '3', '4'],
 (5, 8): ['4'],
 (6, 1): ['3', '4'],
 (6, 4): ['3', '7', '8'],
 (6, 7): ['3', '4', '7'],
 (6, 8): ['4', '7'],
 (7, 1): ['1', '5', '6'],
 (7, 4): ['5', '6'],
 (7, 7): ['1', '5']}
(5, 8)
checking to delete n: 4
deleting: ['4']
removing 4 from coord: (3, 8) with vals ['4', '6', '7']
removing 4 from coord: (5, 1) with vals ['1', '3', '4', '9']
removing 4 from coord: (5, 7) with vals ['1', '3', '4']
removing 4 from coord: (6, 8) with vals ['4', '7']
VAL
{(2, 1): ['5', '9'],
 (2, 4): ['5', '7', '9'],
 (2, 7): ['5', '7'],
 (3, 1): ['4', '5', '6'],
 (3, 4): ['5', '6', '7'],
 (3, 7): ['4', '5', '7'],
 (3, 8): ['6', '7'],
 (4, 1): ['3', '6'],
 (4, 4): ['3', '6'],
 (4, 7): ['2', '3'],
 (5, 1): ['1', '3', '9'],
 (5, 4): ['3', '9'],
 (5, 7): ['1', '3'],
 (6, 1): ['3', '4'],
 (6, 4): ['3', '7', '8'],
 (6, 7): ['3', '4', '7'],
 (6, 8): ['7'],
 (7, 1): ['1', '5', '6'],
 (7, 4): ['5', '6'],
 (7, 7): ['1', '5']}
(6, 8)
checking to delete n: 7
deleting: ['7']
removing 7 from coord: (3, 8) with vals ['6', '7']
removing 7 from coord: (6, 4) with vals ['3', '7', '8']
removing 7 from coord: (6, 7) with vals ['3', '4', '7']
VAL
{(2, 1): ['5', '9'],
 (2, 4): ['5', '7', '9'],
 (2, 7): ['5', '7'],
 (3, 1): ['4', '5', '6'],
 (3, 4): ['5', '6', '7'],
 (3, 7): ['4', '5', '7'],
 (3, 8): ['6'],
 (4, 1): ['3', '6'],
 (4, 4): ['3', '6'],
 (4, 7): ['2', '3'],
 (5, 1): ['1', '3', '9'],
 (5, 4): ['3', '9'],
 (5, 7): ['1', '3'],
 (6, 1): ['3', '4'],
 (6, 4): ['3', '8'],
 (6, 7): ['3', '4'],
 (7, 1): ['1', '5', '6'],
 (7, 4): ['5', '6'],
 (7, 7): ['1', '5']}
(3, 8)
checking to delete n: 6
deleting: ['6']
removing 6 from coord: (3, 1) with vals ['4', '5', '6']
removing 6 from coord: (3, 4) with vals ['5', '6', '7']
VAL
{(2, 1): ['5', '9'],
 (2, 4): ['5', '7', '9'],
 (2, 7): ['5', '7'],
 (3, 1): ['4', '5'],
 (3, 4): ['5', '7'],
 (3, 7): ['4', '5', '7'],
 (4, 1): ['3', '6'],
 (4, 4): ['3', '6'],
 (4, 7): ['2', '3'],
 (5, 1): ['1', '3', '9'],
 (5, 4): ['3', '9'],
 (5, 7): ['1', '3'],
 (6, 1): ['3', '4'],
 (6, 4): ['3', '8'],
 (6, 7): ['3', '4'],
 (7, 1): ['1', '5', '6'],
 (7, 4): ['5', '6'],
 (7, 7): ['1', '5']}
(2, 1)
checking to delete n: 5
deleting: ['5', '9']
removing 5 from coord: (2, 4) with vals ['5', '7', '9']
removing 5 from coord: (2, 7) with vals ['5', '7']
removing 5 from coord: (3, 1) with vals ['4', '5']
removing 5 from coord: (7, 1) with vals ['1', '5', '6']
VAL
{(2, 4): ['7', '9'],
 (2, 7): ['7'],
 (3, 1): ['4'],
 (3, 4): ['5', '7'],
 (3, 7): ['4', '5', '7'],
 (4, 1): ['3', '6'],
 (4, 4): ['3', '6'],
 (4, 7): ['2', '3'],
 (5, 1): ['1', '3', '9'],
 (5, 4): ['3', '9'],
 (5, 7): ['1', '3'],
 (6, 1): ['3', '4'],
 (6, 4): ['3', '8'],
 (6, 7): ['3', '4'],
 (7, 1): ['1', '6'],
 (7, 4): ['5', '6'],
 (7, 7): ['1', '5']}
(2, 7)
checking to delete n: 7
deleting: ['7']
removing 7 from coord: (2, 4) with vals ['7', '9']
removing 7 from coord: (3, 7) with vals ['4', '5', '7']
VAL
{(2, 4): ['9'],
 (3, 1): ['4'],
 (3, 4): ['5', '7'],
 (3, 7): ['4', '5'],
 (4, 1): ['3', '6'],
 (4, 4): ['3', '6'],
 (4, 7): ['2', '3'],
 (5, 1): ['1', '3', '9'],
 (5, 4): ['3', '9'],
 (5, 7): ['1', '3'],
 (6, 1): ['3', '4'],
 (6, 4): ['3', '8'],
 (6, 7): ['3', '4'],
 (7, 1): ['1', '6'],
 (7, 4): ['5', '6'],
 (7, 7): ['1', '5']}
(2, 4)
checking to delete n: 9
deleting: ['9']
removing 9 from coord: (5, 4) with vals ['3', '9']
VAL
{(3, 1): ['4'],
 (3, 4): ['5', '7'],
 (3, 7): ['4', '5'],
 (4, 1): ['3', '6'],
 (4, 4): ['3', '6'],
 (4, 7): ['2', '3'],
 (5, 1): ['1', '3', '9'],
 (5, 4): ['3'],
 (5, 7): ['1', '3'],
 (6, 1): ['3', '4'],
 (6, 4): ['3', '8'],
 (6, 7): ['3', '4'],
 (7, 1): ['1', '6'],
 (7, 4): ['5', '6'],
 (7, 7): ['1', '5']}
(3, 1)
checking to delete n: 4
deleting: ['4']
removing 4 from coord: (3, 7) with vals ['4', '5']
removing 4 from coord: (6, 1) with vals ['3', '4']
VAL
{(3, 4): ['5', '7'],
 (3, 7): ['5'],
 (4, 1): ['3', '6'],
 (4, 4): ['3', '6'],
 (4, 7): ['2', '3'],
 (5, 1): ['1', '3', '9'],
 (5, 4): ['3'],
 (5, 7): ['1', '3'],
 (6, 1): ['3'],
 (6, 4): ['3', '8'],
 (6, 7): ['3', '4'],
 (7, 1): ['1', '6'],
 (7, 4): ['5', '6'],
 (7, 7): ['1', '5']}
(3, 7)
checking to delete n: 5
deleting: ['5']
removing 5 from coord: (3, 4) with vals ['5', '7']
removing 5 from coord: (7, 7) with vals ['1', '5']
VAL
{(3, 4): ['7'],
 (4, 1): ['3', '6'],
 (4, 4): ['3', '6'],
 (4, 7): ['2', '3'],
 (5, 1): ['1', '3', '9'],
 (5, 4): ['3'],
 (5, 7): ['1', '3'],
 (6, 1): ['3'],
 (6, 4): ['3', '8'],
 (6, 7): ['3', '4'],
 (7, 1): ['1', '6'],
 (7, 4): ['5', '6'],
 (7, 7): ['1']}
(3, 4)
checking to delete n: 7
deleting: ['7']
VAL
{(4, 1): ['3', '6'],
 (4, 4): ['3', '6'],
 (4, 7): ['2', '3'],
 (5, 1): ['1', '3', '9'],
 (5, 4): ['3'],
 (5, 7): ['1', '3'],
 (6, 1): ['3'],
 (6, 4): ['3', '8'],
 (6, 7): ['3', '4'],
 (7, 1): ['1', '6'],
 (7, 4): ['5', '6'],
 (7, 7): ['1']}
(5, 4)
checking to delete n: 3
deleting: ['3']
removing 3 from coord: (4, 4) with vals ['3', '6']
removing 3 from coord: (5, 1) with vals ['1', '3', '9']
removing 3 from coord: (5, 7) with vals ['1', '3']
removing 3 from coord: (6, 4) with vals ['3', '8']
VAL
{(4, 1): ['3', '6'],
 (4, 4): ['6'],
 (4, 7): ['2', '3'],
 (5, 1): ['1', '9'],
 (5, 7): ['1'],
 (6, 1): ['3'],
 (6, 4): ['8'],
 (6, 7): ['3', '4'],
 (7, 1): ['1', '6'],
 (7, 4): ['5', '6'],
 (7, 7): ['1']}
(4, 4)
checking to delete n: 6
deleting: ['6']
removing 6 from coord: (4, 1) with vals ['3', '6']
removing 6 from coord: (7, 4) with vals ['5', '6']
VAL
{(4, 1): ['3'],
 (4, 7): ['2', '3'],
 (5, 1): ['1', '9'],
 (5, 7): ['1'],
 (6, 1): ['3'],
 (6, 4): ['8'],
 (6, 7): ['3', '4'],
 (7, 1): ['1', '6'],
 (7, 4): ['5'],
 (7, 7): ['1']}
(4, 1)
checking to delete n: 3
deleting: ['3']
removing 3 from coord: (4, 7) with vals ['2', '3']
removing 3 from coord: (6, 1) with vals ['3']
returning False
checking to delete n: 9
deleting: ['5', '9']
removing 9 from coord: (5, 1) with vals ['1', '9', '3']
removing 9 from coord: (2, 4) with vals ['9', '7', '5']
VAL
{(2, 4): ['7', '5'],
 (2, 7): ['7', '5'],
 (3, 1): ['4', '5'],
 (3, 4): ['7', '5'],
 (3, 7): ['5', '4', '7'],
 (4, 1): ['3', '6'],
 (4, 4): ['6', '3'],
 (4, 7): ['2', '3'],
 (5, 1): ['1', '3'],
 (5, 4): ['3', '9'],
 (5, 7): ['1', '3'],
 (6, 1): ['3', '4'],
 (6, 4): ['8', '3'],
 (6, 7): ['3', '4'],
 (7, 1): ['1', '6', '5'],
 (7, 4): ['5', '6'],
 (7, 7): ['1', '5']}
(4, 7)
checking to delete n: 2
deleting: ['2', '3']
VAL
{(2, 4): ['7', '5'],
 (2, 7): ['7', '5'],
 (3, 1): ['4', '5'],
 (3, 4): ['7', '5'],
 (3, 7): ['5', '4', '7'],
 (4, 1): ['3', '6'],
 (4, 4): ['6', '3'],
 (5, 1): ['1', '3'],
 (5, 4): ['3', '9'],
 (5, 7): ['1', '3'],
 (6, 1): ['3', '4'],
 (6, 4): ['8', '3'],
 (6, 7): ['3', '4'],
 (7, 1): ['1', '6', '5'],
 (7, 4): ['5', '6'],
 (7, 7): ['1', '5']}
(5, 1)
checking to delete n: 1
deleting: ['1', '3']
removing 1 from coord: (5, 7) with vals ['1', '3']
removing 1 from coord: (7, 1) with vals ['1', '6', '5']
VAL
{(2, 4): ['7', '5'],
 (2, 7): ['7', '5'],
 (3, 1): ['4', '5'],
 (3, 4): ['7', '5'],
 (3, 7): ['5', '4', '7'],
 (4, 1): ['3', '6'],
 (4, 4): ['6', '3'],
 (5, 4): ['3', '9'],
 (5, 7): ['3'],
 (6, 1): ['3', '4'],
 (6, 4): ['8', '3'],
 (6, 7): ['3', '4'],
 (7, 1): ['6', '5'],
 (7, 4): ['5', '6'],
 (7, 7): ['1', '5']}
(5, 7)
checking to delete n: 3
deleting: ['3']
removing 3 from coord: (6, 7) with vals ['3', '4']
removing 3 from coord: (5, 4) with vals ['3', '9']
VAL
{(2, 4): ['7', '5'],
 (2, 7): ['7', '5'],
 (3, 1): ['4', '5'],
 (3, 4): ['7', '5'],
 (3, 7): ['5', '4', '7'],
 (4, 1): ['3', '6'],
 (4, 4): ['6', '3'],
 (5, 4): ['9'],
 (6, 1): ['3', '4'],
 (6, 4): ['8', '3'],
 (6, 7): ['4'],
 (7, 1): ['6', '5'],
 (7, 4): ['5', '6'],
 (7, 7): ['1', '5']}
(6, 7)
checking to delete n: 4
deleting: ['4']
removing 4 from coord: (6, 1) with vals ['3', '4']
removing 4 from coord: (3, 7) with vals ['5', '4', '7']
VAL
{(2, 4): ['7', '5'],
 (2, 7): ['7', '5'],
 (3, 1): ['4', '5'],
 (3, 4): ['7', '5'],
 (3, 7): ['5', '7'],
 (4, 1): ['3', '6'],
 (4, 4): ['6', '3'],
 (5, 4): ['9'],
 (6, 1): ['3'],
 (6, 4): ['8', '3'],
 (7, 1): ['6', '5'],
 (7, 4): ['5', '6'],
 (7, 7): ['1', '5']}
(6, 1)
checking to delete n: 3
deleting: ['3']
removing 3 from coord: (6, 4) with vals ['8', '3']
removing 3 from coord: (4, 1) with vals ['3', '6']
VAL
{(2, 4): ['7', '5'],
 (2, 7): ['7', '5'],
 (3, 1): ['4', '5'],
 (3, 4): ['7', '5'],
 (3, 7): ['5', '7'],
 (4, 1): ['6'],
 (4, 4): ['6', '3'],
 (5, 4): ['9'],
 (6, 4): ['8'],
 (7, 1): ['6', '5'],
 (7, 4): ['5', '6'],
 (7, 7): ['1', '5']}
(6, 4)
checking to delete n: 8
deleting: ['8']
VAL
{(2, 4): ['7', '5'],
 (2, 7): ['7', '5'],
 (3, 1): ['4', '5'],
 (3, 4): ['7', '5'],
 (3, 7): ['5', '7'],
 (4, 1): ['6'],
 (4, 4): ['6', '3'],
 (5, 4): ['9'],
 (7, 1): ['6', '5'],
 (7, 4): ['5', '6'],
 (7, 7): ['1', '5']}
(4, 1)
checking to delete n: 6
deleting: ['6']
removing 6 from coord: (7, 1) with vals ['6', '5']
removing 6 from coord: (4, 4) with vals ['6', '3']
VAL
{(2, 4): ['7', '5'],
 (2, 7): ['7', '5'],
 (3, 1): ['4', '5'],
 (3, 4): ['7', '5'],
 (3, 7): ['5', '7'],
 (4, 4): ['3'],
 (5, 4): ['9'],
 (7, 1): ['5'],
 (7, 4): ['5', '6'],
 (7, 7): ['1', '5']}
(7, 1)
checking to delete n: 5
deleting: ['5']
removing 5 from coord: (7, 4) with vals ['5', '6']
removing 5 from coord: (7, 7) with vals ['1', '5']
removing 5 from coord: (3, 1) with vals ['4', '5']
VAL
{(2, 4): ['7', '5'],
 (2, 7): ['7', '5'],
 (3, 1): ['4'],
 (3, 4): ['7', '5'],
 (3, 7): ['5', '7'],
 (4, 4): ['3'],
 (5, 4): ['9'],
 (7, 4): ['6'],
 (7, 7): ['1']}
(7, 4)
checking to delete n: 6
deleting: ['6']
VAL
{(2, 4): ['7', '5'],
 (2, 7): ['7', '5'],
 (3, 1): ['4'],
 (3, 4): ['7', '5'],
 (3, 7): ['5', '7'],
 (4, 4): ['3'],
 (5, 4): ['9'],
 (7, 7): ['1']}
(7, 7)
checking to delete n: 1
deleting: ['1']
VAL
{(2, 4): ['7', '5'],
 (2, 7): ['7', '5'],
 (3, 1): ['4'],
 (3, 4): ['7', '5'],
 (3, 7): ['5', '7'],
 (4, 4): ['3'],
 (5, 4): ['9']}
(4, 4)
checking to delete n: 3
deleting: ['3']
VAL
{(2, 4): ['7', '5'],
 (2, 7): ['7', '5'],
 (3, 1): ['4'],
 (3, 4): ['7', '5'],
 (3, 7): ['5', '7'],
 (5, 4): ['9']}
(5, 4)
checking to delete n: 9
deleting: ['9']
VAL
{(2, 4): ['7', '5'],
 (2, 7): ['7', '5'],
 (3, 1): ['4'],
 (3, 4): ['7', '5'],
 (3, 7): ['5', '7']}
(3, 1)
checking to delete n: 4
deleting: ['4']
VAL
{(2, 4): ['7', '5'], (2, 7): ['7', '5'], (3, 4): ['7', '5'], (3, 7): ['5', '7']}
(3, 4)
checking to delete n: 7
deleting: ['7', '5']
removing 7 from coord: (3, 7) with vals ['5', '7']
removing 7 from coord: (2, 4) with vals ['7', '5']
VAL
{(2, 4): ['5'], (2, 7): ['7', '5'], (3, 7): ['5']}
(3, 7)
checking to delete n: 5
deleting: ['5']
removing 5 from coord: (2, 7) with vals ['7', '5']
VAL
{(2, 4): ['5'], (2, 7): ['7']}
(2, 4)
checking to delete n: 5
deleting: ['5']
VAL
{(2, 7): ['7']}
(2, 7)
checking to delete n: 7
deleting: ['7']
after
['4', '7', '3', '9', '2', '1', '6', '8', '5']
['9', '2', '7', '3', '4', '5', '8', '6', '1']
['2', '9', '1', '8', '5', '6', '4', '7', '3']
['3', '4', '8', '1', '7', '2', '9', '5', '6']
['7', '6', '9', '5', '3', '4', '1', '2', '8']
['5', '1', '6', '7', '9', '8', '2', '3', '4']
['1', '3', '2', '6', '8', '9', '5', '4', '7']
['8', '5', '4', '2', '6', '3', '7', '1', '9']
['6', '8', '5', '4', '1', '7', '3', '9', '2']
